<?xml version="1.0" encoding="UTF-8"?>
<testng-results ignored="0" total="1" passed="1" failed="0" skipped="0">
  <reporter-output>
  </reporter-output>
  <suite started-at="2023-11-26T01:11:51 IST" name="Default suite" finished-at="2023-11-26T01:12:33 IST" duration-ms="42371">
    <groups>
    </groups>
    <test started-at="2023-11-26T01:11:51 IST" name="Default test" finished-at="2023-11-26T01:12:33 IST" duration-ms="42371">
      <class name="AmazonProject.Test1">
        <test-method signature="Project()[pri:0, instance:AmazonProject.Test1@25084a1e]" started-at="2023-11-26T01:11:51 IST" name="Project" finished-at="2023-11-26T01:12:33 IST" duration-ms="42298" status="PASS">
          <reporter-output>
          </reporter-output>
        </test-method> <!-- Project -->
      </class> <!-- AmazonProject.Test1 -->
    </test> <!-- Default test -->
  </suite> <!-- Default suite -->
</testng-results>
